Private-Key: (256 bit)
priv:
    53:af:20:f1:e2:cd:99:62:ce:b2:0d:c4:13:70:15:
    29:c8:72:21:e0:75:fb:c2:ec:13:9c:d8:09:e1:f6:
    9a:7e
pub: 
    04:90:13:bb:7b:bd:9a:6e:fa:4d:c9:00:d3:98:e2:
    16:e3:9c:ca:bf:e6:a3:4c:0b:76:56:4c:6a:0b:02:
    52:e7:d6:33:7f:f0:98:4f:59:bd:16:e4:59:4f:c8:
    48:81:f3:79:32:6e:8b:82:58:cb:1c:b5:64:dd:22:
    a3:00:aa:a7:1b
Field Type: prime-field
Prime:
    00:ff:ff:ff:ff:ff:ff:ff:ff:ff:ff:ff:ff:ff:ff:
    ff:ff:ff:ff:ff:ff:ff:ff:ff:ff:ff:ff:ff:fe:ff:
    ff:fc:2f
A:    0
B:    7 (0x7)
Generator (uncompressed):
    04:79:be:66:7e:f9:dc:bb:ac:55:a0:62:95:ce:87:
    0b:07:02:9b:fc:db:2d:ce:28:d9:59:f2:81:5b:16:
    f8:17:98:48:3a:da:77:26:a3:c4:65:5d:a4:fb:fc:
    0e:11:08:a8:fd:17:b4:48:a6:85:54:19:9c:47:d0:
    8f:fb:10:d4:b8
Order: 
    00:ff:ff:ff:ff:ff:ff:ff:ff:ff:ff:ff:ff:ff:ff:
    ff:fe:ba:ae:dc:e6:af:48:a0:3b:bf:d2:5e:8c:d0:
    36:41:41
Cofactor:  1 (0x1)
