== BLOCK 0000000e5ac98c789800702ad2a6f3ca510d409d6cca892ed1c75198e04bdeec ==
prev_block_hash: 0000000000000000000000000000000000000000000000000000000000000000
height: 0
nonce: 0x0000000002d6ea1c
  == REWARD TX 28c9d0f804cb507cd32124c726d321ea769377c542d6cc0c4219323ca4a95a97 ==
  prev_transaction_hash: 0000000000000000000000000000000000000000000000000000000000000000
  dest_pubkey.x: 4f0236ab842a6b2d0eb01c17424d3a566c773b38b5628c55fbf60e08ec0c0d88
  dest_pubkey.y: f7c387c0fcccaebba5ae0f48e2191934866add42ef8e8f67f95eac0de7953ed3
  src_signature.r: 0000000000000000000000000000000000000000000000000000000000000000
  src_signature.s: 0000000000000000000000000000000000000000000000000000000000000000
  == NORMAL TX 4b22ee6807a2e4ddfd1bf16851609a7a009f4c6bd5aeb78162f121cb89492f02 ==
  prev_transaction_hash: 0000000000000000000000000000000000000000000000000000000000000000
  dest_pubkey.x: 0000000000000000000000000000000000000000000000000000000000000000
  dest_pubkey.y: 0000000000000000000000000000000000000000000000000000000000000000
  src_signature.r: 0000000000000000000000000000000000000000000000000000000000000000
  src_signature.s: 0000000000000000000000000000000000000000000000000000000000000000
== BLOCK 00000080d011dd02ff73b3410833223446a3e9f15dcbc2e842c414cfdb9226c3 ==
prev_block_hash: 0000002efed1704d5be5947690c66e3aaf6b2040f5d439a7bf282b64020d6e02
height: 2
nonce: 0x000000000045a05b
  == REWARD TX 4a6da773c0d3b0f5401e61253445e94a8fbaa0866d7c25539514f1c3a7bc2f6e ==
  prev_transaction_hash: 0000000000000000000000000000000000000000000000000000000000000000
  dest_pubkey.x: 4f0236ab842a6b2d0eb01c17424d3a566c773b38b5628c55fbf60e08ec0c0d88
  dest_pubkey.y: f7c387c0fcccaebba5ae0f48e2191934866add42ef8e8f67f95eac0de7953ed3
  src_signature.r: 0000000000000000000000000000000000000000000000000000000000000000
  src_signature.s: 0000000000000000000000000000000000000000000000000000000000000000
  == NORMAL TX a06633053ef68b73f39416c3db9a590dff881fffa5f8d444592a95db2abf82de ==
  prev_transaction_hash: f2478cd2406dd2623805895c34600a4dbb11f57b1212e10c201ecf3e475f0e1a
  dest_pubkey.x: d8a9b4c603833a8586c5389e167d25e9e5dd33ad3c2c95be1c35c2dcded699b5
  dest_pubkey.y: 67ed4bd4dc7eee5d8789fd7d3d2af96dbdfb967911fd812d9c5fc5486c9aea1f
  src_signature.r: c23840ac3552ae017d8af4ae7cde4a2f2155449e87f1bfbc7dd8e749168871d7
  src_signature.s: 718f2adb83169c28384124d9a94b1eb71bc989cf9b4e71b24677677cfebd66d8
== BLOCK 0000004c45fd70e6aaba8da4009a7a23d0feb0410b05b32c59e6b5c92bb43a15 ==
prev_block_hash: 00000080d011dd02ff73b3410833223446a3e9f15dcbc2e842c414cfdb9226c3
height: 3
nonce: 0x00000000006b5834
  == REWARD TX 96f8b30c707a990672884558804ba5cf75b294d899a9623d4bdffb8e8f25120e ==
  prev_transaction_hash: 0000000000000000000000000000000000000000000000000000000000000000
  dest_pubkey.x: bd63383861d845b62637f221ca3b4cc21d1f82d5c0e018b8f2fc2906702c4f1b
  dest_pubkey.y: 17e6cb83581672fd7d690c5416a50d2a0aaf3d9ea961761ab7000140bea78218
  src_signature.r: 0000000000000000000000000000000000000000000000000000000000000000
  src_signature.s: 0000000000000000000000000000000000000000000000000000000000000000
  == NORMAL TX 3f039ef8119c080a7293e2abb5a4e576da99236fc52f67b6ef7127949b6f296f ==
  prev_transaction_hash: a06633053ef68b73f39416c3db9a590dff881fffa5f8d444592a95db2abf82de
  dest_pubkey.x: 30816fadb6a1b93b70179ed2a92de391850f2498e637385f54d9914ebfeb4a50
  dest_pubkey.y: a277cda88ea144243decfdbf46d33595b84c72995ae79cc9eda53af7e9cff7ce
  src_signature.r: 3f8f63fc7439b9d2f9f8683c73dc771595d9f2af145819ff7a6748607a7d75f4
  src_signature.s: 38e543045bc18843858e1703c9db925e1fc8fedc45b61ef3391c96e30785082e
== BLOCK 00000080d011dd02ff73b3410833223446a3e9f15dcbc2e842c414cfdb9226c3 ==
prev_block_hash: 0000002efed1704d5be5947690c66e3aaf6b2040f5d439a7bf282b64020d6e02
height: 2
nonce: 0x000000000045a05b
  == REWARD TX 4a6da773c0d3b0f5401e61253445e94a8fbaa0866d7c25539514f1c3a7bc2f6e ==
  prev_transaction_hash: 0000000000000000000000000000000000000000000000000000000000000000
  dest_pubkey.x: 4f0236ab842a6b2d0eb01c17424d3a566c773b38b5628c55fbf60e08ec0c0d88
  dest_pubkey.y: f7c387c0fcccaebba5ae0f48e2191934866add42ef8e8f67f95eac0de7953ed3
  src_signature.r: 0000000000000000000000000000000000000000000000000000000000000000
  src_signature.s: 0000000000000000000000000000000000000000000000000000000000000000
  == NORMAL TX a06633053ef68b73f39416c3db9a590dff881fffa5f8d444592a95db2abf82de ==
  prev_transaction_hash: f2478cd2406dd2623805895c34600a4dbb11f57b1212e10c201ecf3e475f0e1a
  dest_pubkey.x: d8a9b4c603833a8586c5389e167d25e9e5dd33ad3c2c95be1c35c2dcded699b5
  dest_pubkey.y: 67ed4bd4dc7eee5d8789fd7d3d2af96dbdfb967911fd812d9c5fc5486c9aea1f
  src_signature.r: c23840ac3552ae017d8af4ae7cde4a2f2155449e87f1bfbc7dd8e749168871d7
  src_signature.s: 718f2adb83169c28384124d9a94b1eb71bc989cf9b4e71b24677677cfebd66d8
== BLOCK 0000004c45fd70e6aaba8da4009a7a23d0feb0410b05b32c59e6b5c92bb43a15 ==
prev_block_hash: 00000080d011dd02ff73b3410833223446a3e9f15dcbc2e842c414cfdb9226c3
height: 3
nonce: 0x00000000006b5834
  == REWARD TX 96f8b30c707a990672884558804ba5cf75b294d899a9623d4bdffb8e8f25120e ==
  prev_transaction_hash: 0000000000000000000000000000000000000000000000000000000000000000
  dest_pubkey.x: bd63383861d845b62637f221ca3b4cc21d1f82d5c0e018b8f2fc2906702c4f1b
  dest_pubkey.y: 17e6cb83581672fd7d690c5416a50d2a0aaf3d9ea961761ab7000140bea78218
  src_signature.r: 0000000000000000000000000000000000000000000000000000000000000000
  src_signature.s: 0000000000000000000000000000000000000000000000000000000000000000
  == NORMAL TX 3f039ef8119c080a7293e2abb5a4e576da99236fc52f67b6ef7127949b6f296f ==
  prev_transaction_hash: a06633053ef68b73f39416c3db9a590dff881fffa5f8d444592a95db2abf82de
  dest_pubkey.x: 30816fadb6a1b93b70179ed2a92de391850f2498e637385f54d9914ebfeb4a50
  dest_pubkey.y: a277cda88ea144243decfdbf46d33595b84c72995ae79cc9eda53af7e9cff7ce
  src_signature.r: 3f8f63fc7439b9d2f9f8683c73dc771595d9f2af145819ff7a6748607a7d75f4
  src_signature.s: 38e543045bc18843858e1703c9db925e1fc8fedc45b61ef3391c96e30785082e
== BLOCK 000000c9803314327f792a936fefb69f46293017c42edcfc11c608cd337317c7 ==
prev_block_hash: 00000080d011dd02ff73b3410833223446a3e9f15dcbc2e842c414cfdb9226c3
height: 3
nonce: 0x00000000002db426
  == REWARD TX 87cc0854bcc4eae6ca7e923484741024279b0ee60774eb3c7964fa3ad624669a ==
  prev_transaction_hash: 0000000000000000000000000000000000000000000000000000000000000000
  dest_pubkey.x: 4f0236ab842a6b2d0eb01c17424d3a566c773b38b5628c55fbf60e08ec0c0d88
  dest_pubkey.y: f7c387c0fcccaebba5ae0f48e2191934866add42ef8e8f67f95eac0de7953ed3
  src_signature.r: 0000000000000000000000000000000000000000000000000000000000000000
  src_signature.s: 0000000000000000000000000000000000000000000000000000000000000000
  == NORMAL TX d242eec553e3a4f7cf432413bd919bb183c9ea0eade1b49000261f0590ef58c8 ==
  prev_transaction_hash: a06633053ef68b73f39416c3db9a590dff881fffa5f8d444592a95db2abf82de
  dest_pubkey.x: 30816fadb6a1b93b70179ed2a92de391850f2498e637385f54d9914ebfeb4a50
  dest_pubkey.y: a277cda88ea144243decfdbf46d33595b84c72995ae79cc9eda53af7e9cff7ce
  src_signature.r: b8d15259371c7a34666b78bc1d8102ac38f358acb86b7ffefc7951a0ec6d7ed0
  src_signature.s: 6b57ef43af5f3bd332bdd51c330d9cc96ba6032a16f12dabeff04d426edb40df
== BLOCK 0000005ef8689e29b57aea00695141bfabcd63a7a9d311270c63b76a2fc2e2f3 ==
prev_block_hash: 0000004c45fd70e6aaba8da4009a7a23d0feb0410b05b32c59e6b5c92bb43a15
height: 4
nonce: 0x0000000000fcca98
  == REWARD TX c102698f995c9f5ef18a8a0e85bf8753ff4e5fc3b6983fa751a16b68a7573487 ==
  prev_transaction_hash: 0000000000000000000000000000000000000000000000000000000000000000
  dest_pubkey.x: 4f0236ab842a6b2d0eb01c17424d3a566c773b38b5628c55fbf60e08ec0c0d88
  dest_pubkey.y: f7c387c0fcccaebba5ae0f48e2191934866add42ef8e8f67f95eac0de7953ed3
  src_signature.r: 0000000000000000000000000000000000000000000000000000000000000000
  src_signature.s: 0000000000000000000000000000000000000000000000000000000000000000
  == NORMAL TX 2c2bae28258ea8f3d26ea5a0b7720110274ea5e15ebe727ccf8b99ec8489dc89 ==
  prev_transaction_hash: 4a6da773c0d3b0f5401e61253445e94a8fbaa0866d7c25539514f1c3a7bc2f6e
  dest_pubkey.x: d8a9b4c603833a8586c5389e167d25e9e5dd33ad3c2c95be1c35c2dcded699b5
  dest_pubkey.y: 67ed4bd4dc7eee5d8789fd7d3d2af96dbdfb967911fd812d9c5fc5486c9aea1f
  src_signature.r: 9bc548df1a73a2d3bee71e481532b54e466267abea8f2f529fd335e4f1af0899
  src_signature.s: 0131bc16db01cf7fadd954a6d25cb42543ac1fe478ade2071153073328db080f
== BLOCK 0000002efed1704d5be5947690c66e3aaf6b2040f5d439a7bf282b64020d6e02 ==
prev_block_hash: 0000000e5ac98c789800702ad2a6f3ca510d409d6cca892ed1c75198e04bdeec
height: 1
nonce: 0x0000000000459963
  == REWARD TX f2478cd2406dd2623805895c34600a4dbb11f57b1212e10c201ecf3e475f0e1a ==
  prev_transaction_hash: 0000000000000000000000000000000000000000000000000000000000000000
  dest_pubkey.x: 4f0236ab842a6b2d0eb01c17424d3a566c773b38b5628c55fbf60e08ec0c0d88
  dest_pubkey.y: f7c387c0fcccaebba5ae0f48e2191934866add42ef8e8f67f95eac0de7953ed3
  src_signature.r: 0000000000000000000000000000000000000000000000000000000000000000
  src_signature.s: 0000000000000000000000000000000000000000000000000000000000000000
  == NORMAL TX 22e73ec2025e957eec02de99369e3a3a228812123df7bc02802a8cb0e2fd8cbf ==
  prev_transaction_hash: 0000000000000000000000000000000000000000000000000000000000000000
  dest_pubkey.x: 0000000000000000000000000000000000000000000000000000000000000000
  dest_pubkey.y: 0000000000000000000000000000000000000000000000000000000000000000
  src_signature.r: 0000000000000000000000000000000000000000000000000000000000000000
  src_signature.s: 0000000000000000000000000000000000000000000000000000000000000000
