Private-Key: (256 bit)
priv:
    0e:83:0b:73:ec:f5:4b:4a:74:35:e7:f1:06:41:c8:
    6b:aa:df:0c:3d:e6:4c:48:a1:db:d4:68:78:dc:58:
    4e:ea
pub: 
    04:d8:a9:b4:c6:03:83:3a:85:86:c5:38:9e:16:7d:
    25:e9:e5:dd:33:ad:3c:2c:95:be:1c:35:c2:dc:de:
    d6:99:b5:67:ed:4b:d4:dc:7e:ee:5d:87:89:fd:7d:
    3d:2a:f9:6d:bd:fb:96:79:11:fd:81:2d:9c:5f:c5:
    48:6c:9a:ea:1f
Field Type: prime-field
Prime:
    00:ff:ff:ff:ff:ff:ff:ff:ff:ff:ff:ff:ff:ff:ff:
    ff:ff:ff:ff:ff:ff:ff:ff:ff:ff:ff:ff:ff:fe:ff:
    ff:fc:2f
A:    0
B:    7 (0x7)
Generator (uncompressed):
    04:79:be:66:7e:f9:dc:bb:ac:55:a0:62:95:ce:87:
    0b:07:02:9b:fc:db:2d:ce:28:d9:59:f2:81:5b:16:
    f8:17:98:48:3a:da:77:26:a3:c4:65:5d:a4:fb:fc:
    0e:11:08:a8:fd:17:b4:48:a6:85:54:19:9c:47:d0:
    8f:fb:10:d4:b8
Order: 
    00:ff:ff:ff:ff:ff:ff:ff:ff:ff:ff:ff:ff:ff:ff:
    ff:fe:ba:ae:dc:e6:af:48:a0:3b:bf:d2:5e:8c:d0:
    36:41:41
Cofactor:  1 (0x1)
